<?xml version="1.0" encoding="UTF-8"?>
<!-- Generated by org.testng.reporters.JUnitXMLReporter -->
<testsuite hostname="DESKTOP-0P7RLK5" name="Default test" tests="4" failures="0" timestamp="1 Sep 2020 09:59:02 GMT" time="0.078" errors="0">
  <testcase name="Hashset" time="0.026" classname="com.java.program.AllString"/>
  <testcase name="SpecialCharacter" time="0.011" classname="com.java.program.AllString"/>
  <testcase name="Stringvalue" time="0.006" classname="com.java.program.AllString"/>
  <testcase name="substring" time="0.003" classname="com.java.program.AllString"/>
</testsuite> <!-- Default test -->
