<?xml version="1.0" encoding="UTF-8"?>
<!-- Generated by org.testng.reporters.JUnitXMLReporter -->
<testsuite hostname="DESKTOP-0P7RLK5" name="Test" tests="15" failures="0" timestamp="1 Sep 2020 10:02:48 GMT" time="0.188" errors="0">
  <testcase name="Concate" time="0.03" classname="com.java.program.All"/>
  <testcase name="Factorail" time="0.004" classname="com.java.program.All"/>
  <testcase name="GetString" time="0.002" classname="com.java.program.All"/>
  <testcase name="Palindron" time="0.003" classname="com.java.program.All"/>
  <testcase name="Reverse" time="0.004" classname="com.java.program.All"/>
  <testcase name="prime" time="0.005" classname="com.java.program.All"/>
  <testcase name="Sortingorder" time="0.014" classname="com.java.program.Sort"/>
  <testcase name="con" time="0.004" classname="com.java.program.StringP"/>
  <testcase name="m2" time="0.008" classname="com.java.program.Stringsort"/>
  <testcase name="Add" time="0.003" classname="com.java.program.Stringsplit"/>
  <testcase name="Hashset" time="0.003" classname="com.java.program.AllString"/>
  <testcase name="SpecialCharacter" time="0.005" classname="com.java.program.AllString"/>
  <testcase name="Stringvalue" time="0.003" classname="com.java.program.AllString"/>
  <testcase name="substring" time="0.002" classname="com.java.program.AllString"/>
  <testcase name="minh" time="0.007" classname="com.java.program.Dublicatecount"/>
</testsuite> <!-- Test -->
