<?xml version="1.0" encoding="UTF-8"?>
<testng-results skipped="0" failed="0" total="1" passed="1">
  <reporter-output>
  </reporter-output>
  <suite name="Default suite" duration-ms="27231" started-at="2020-08-13T18:50:20Z" finished-at="2020-08-13T18:50:48Z">
    <groups>
    </groups>
    <test name="Default test" duration-ms="27231" started-at="2020-08-13T18:50:20Z" finished-at="2020-08-13T18:50:48Z">
      <class name="com.Jankins.Maven1st">
        <test-method status="PASS" signature="Double()[pri:0, instance:com.Jankins.Maven1st@3e2e18f2]" name="Double" duration-ms="27177" started-at="2020-08-14T00:20:20Z" finished-at="2020-08-14T00:20:48Z">
          <reporter-output>
          </reporter-output>
        </test-method> <!-- Double -->
      </class> <!-- com.Jankins.Maven1st -->
    </test> <!-- Default test -->
  </suite> <!-- Default suite -->
</testng-results>
